Making the wall green at Fri May  8 16:57:56 UTC 2026 - Attempt 1 - Random: 1214
Making the wall green at Fri May  8 17:03:21 UTC 2026 - Attempt 1 - Random: 1143
Making the wall green at Fri May  8 17:03:23 UTC 2026 - Attempt 2 - Random: 27021
Making the wall green at Fri May  8 17:03:25 UTC 2026 - Attempt 3 - Random: 16845
Making the wall green at Fri May  8 17:03:27 UTC 2026 - Attempt 4 - Random: 26878
Making the wall green at Fri May  8 17:03:29 UTC 2026 - Attempt 5 - Random: 4570
Making the wall green at Fri May  8 17:10:44 UTC 2026 - Attempt 1 - Random: 26115
Making the wall green at Fri May  8 17:10:46 UTC 2026 - Attempt 2 - Random: 10565
Making the wall green at Fri May  8 17:10:48 UTC 2026 - Attempt 3 - Random: 3289
Making the wall green at Sat May  9 00:22:29 UTC 2026 - Attempt 1 - Random: 14437
Making the wall green at Sat May  9 00:22:31 UTC 2026 - Attempt 2 - Random: 5801
Making the wall green at Sat May  9 00:22:33 UTC 2026 - Attempt 3 - Random: 4724
Making the wall green at Sat May  9 00:22:35 UTC 2026 - Attempt 4 - Random: 31733
Making the wall green at Sat May  9 00:22:36 UTC 2026 - Attempt 5 - Random: 22875
Making the wall green at Sat May  9 16:48:44 UTC 2026 - Attempt 1 - Random: 23177
Making the wall green at Sun May 10 16:49:19 UTC 2026 - Attempt 1 - Random: 18915
Making the wall green at Sun May 10 16:49:21 UTC 2026 - Attempt 2 - Random: 8523
Making the wall green at Sun May 10 16:49:23 UTC 2026 - Attempt 3 - Random: 15745
Making the wall green at Mon May 11 17:51:43 UTC 2026 - Attempt 1 - Random: 26387
Making the wall green at Mon May 11 17:51:45 UTC 2026 - Attempt 2 - Random: 28322
Making the wall green at Mon May 11 17:51:47 UTC 2026 - Attempt 3 - Random: 29012
Making the wall green at Mon May 11 17:51:49 UTC 2026 - Attempt 4 - Random: 31539
Making the wall green at Mon May 11 17:51:50 UTC 2026 - Attempt 5 - Random: 14444
Making the wall green at Tue May 12 17:55:51 UTC 2026 - Attempt 1 - Random: 9260
Making the wall green at Tue May 12 17:55:53 UTC 2026 - Attempt 2 - Random: 21326
